Motorist/app/build/intermediates/manifest_merge_blame_file/debug/processDebugMainManifest/manifest-merger-blame-debug-report.txt
1<?xml version="1.0" encoding="utf-8"?>
2<manifest xmlns:android="http://schemas.android.com/apk/res/android"
3    package="com.roadalert.motorist"
4    android:versionCode="1"
5    android:versionName="1.0" >
6
7    <uses-sdk
8        android:minSdkVersion="26"
9        android:targetSdkVersion="35" />
10
11    <uses-permission android:name="android.permission.INTERNET" />
11-->src\main\AndroidManifest.xml:5:5-67
11-->src\main\AndroidManifest.xml:5:22-64
12    <uses-permission android:name="android.permission.ACCESS_FINE_LOCATION" />
12-->src\main\AndroidManifest.xml:6:5-79
12-->src\main\AndroidManifest.xml:6:22-76
13    <uses-permission android:name="android.permission.ACCESS_COARSE_LOCATION" />
13-->src\main\AndroidManifest.xml:7:5-81
13-->src\main\AndroidManifest.xml:7:22-78
14    <uses-permission android:name="android.permission.FOREGROUND_SERVICE" />
14-->src\main\AndroidManifest.xml:8:5-77
14-->src\main\AndroidManifest.xml:8:22-74
15    <uses-permission android:name="android.permission.FOREGROUND_SERVICE_LOCATION" />
15-->src\main\AndroidManifest.xml:9:5-86
15-->src\main\AndroidManifest.xml:9:22-83
16    <uses-permission android:name="com.google.android.gms.permission.ACTIVITY_RECOGNITION" />
16-->src\main\AndroidManifest.xml:10:5-94
16-->src\main\AndroidManifest.xml:10:22-91
17    <uses-permission android:name="android.permission.ACTIVITY_RECOGNITION" />
17-->src\main\AndroidManifest.xml:11:5-79
17-->src\main\AndroidManifest.xml:11:22-76
18    <uses-permission android:name="android.permission.POST_NOTIFICATIONS" />
18-->src\main\AndroidManifest.xml:12:5-77
18-->src\main\AndroidManifest.xml:12:22-74
19
20    <queries>
20-->[androidx.car.app:app:1.4.0] AndroidManifest.xml:23:5-28:15
21        <provider
21-->[androidx.car.app:app:1.4.0] AndroidManifest.xml:24:9-27:43
22            android:name="androidx.car.app.connection.provider"
22-->[androidx.car.app:app:1.4.0] AndroidManifest.xml:25:13-64
23            android:authorities="androidx.car.app.connection" />
23-->[androidx.car.app:app:1.4.0] AndroidManifest.xml:26:13-62
24    </queries>
25
26    <permission
26-->[androidx.core:core:1.13.1] AndroidManifest.xml:22:5-24:47
27        android:name="com.roadalert.motorist.DYNAMIC_RECEIVER_NOT_EXPORTED_PERMISSION"
27-->[androidx.core:core:1.13.1] AndroidManifest.xml:23:9-81
28        android:protectionLevel="signature" />
28-->[androidx.core:core:1.13.1] AndroidManifest.xml:24:9-44
29
30    <uses-permission android:name="com.roadalert.motorist.DYNAMIC_RECEIVER_NOT_EXPORTED_PERMISSION" />
30-->[androidx.core:core:1.13.1] AndroidManifest.xml:26:5-97
30-->[androidx.core:core:1.13.1] AndroidManifest.xml:26:22-94
31
32    <application
32-->src\main\AndroidManifest.xml:14:5-36:19
33        android:allowBackup="true"
33-->src\main\AndroidManifest.xml:16:9-35
34        android:appComponentFactory="androidx.core.app.CoreComponentFactory"
34-->[androidx.core:core:1.13.1] AndroidManifest.xml:28:18-86
35        android:debuggable="true"
36        android:extractNativeLibs="false"
37        android:icon="@android:drawable/ic_dialog_alert"
37-->src\main\AndroidManifest.xml:17:9-57
38        android:label="Road Alert: Driver"
38-->src\main\AndroidManifest.xml:18:9-43
39        android:supportsRtl="true"
39-->src\main\AndroidManifest.xml:19:9-35
40        android:testOnly="true"
41        android:theme="@style/Theme.AppCompat.Light.DarkActionBar"
41-->src\main\AndroidManifest.xml:20:9-67
42        android:usesCleartextTraffic="true" >
42-->src\main\AndroidManifest.xml:15:9-44
43        <activity
43-->src\main\AndroidManifest.xml:22:9-29:20
44            android:name="com.roadalert.motorist.MainActivity"
44-->src\main\AndroidManifest.xml:23:13-41
45            android:exported="true" >
45-->src\main\AndroidManifest.xml:24:13-36
46            <intent-filter>
46-->src\main\AndroidManifest.xml:25:13-28:29
47                <action android:name="android.intent.action.MAIN" />
47-->src\main\AndroidManifest.xml:26:17-69
47-->src\main\AndroidManifest.xml:26:25-66
48
49                <category android:name="android.intent.category.LAUNCHER" />
49-->src\main\AndroidManifest.xml:27:17-77
49-->src\main\AndroidManifest.xml:27:27-74
50            </intent-filter>
51        </activity>
52
53        <service
53-->src\main\AndroidManifest.xml:31:9-35:56
54            android:name="com.roadalert.motorist.MotoristService"
54-->src\main\AndroidManifest.xml:32:13-44
55            android:enabled="true"
55-->src\main\AndroidManifest.xml:33:13-35
56            android:exported="false"
56-->src\main\AndroidManifest.xml:34:13-37
57            android:foregroundServiceType="location" />
57-->src\main\AndroidManifest.xml:35:13-53
58
59        <activity
59-->[com.google.android.gms:play-services-base:18.5.0] AndroidManifest.xml:5:9-173
60            android:name="com.google.android.gms.common.api.GoogleApiActivity"
60-->[com.google.android.gms:play-services-base:18.5.0] AndroidManifest.xml:5:19-85
61            android:exported="false"
61-->[com.google.android.gms:play-services-base:18.5.0] AndroidManifest.xml:5:146-170
62            android:theme="@android:style/Theme.Translucent.NoTitleBar" />
62-->[com.google.android.gms:play-services-base:18.5.0] AndroidManifest.xml:5:86-145
63        <activity
63-->[androidx.car.app:app:1.4.0] AndroidManifest.xml:31:9-34:75
64            android:name="androidx.car.app.CarAppPermissionActivity"
64-->[androidx.car.app:app:1.4.0] AndroidManifest.xml:32:13-69
65            android:exported="false"
65-->[androidx.car.app:app:1.4.0] AndroidManifest.xml:33:13-37
66            android:theme="@android:style/Theme.Translucent.NoTitleBar" />
66-->[androidx.car.app:app:1.4.0] AndroidManifest.xml:34:13-72
67
68        <receiver
68-->[androidx.car.app:app:1.4.0] AndroidManifest.xml:36:9-38:40
69            android:name="androidx.car.app.notification.CarAppNotificationBroadcastReceiver"
69-->[androidx.car.app:app:1.4.0] AndroidManifest.xml:37:13-93
70            android:exported="false" />
70-->[androidx.car.app:app:1.4.0] AndroidManifest.xml:38:13-37
71
72        <provider
72-->[androidx.emoji2:emoji2:1.3.0] AndroidManifest.xml:24:9-32:20
73            android:name="androidx.startup.InitializationProvider"
73-->[androidx.emoji2:emoji2:1.3.0] AndroidManifest.xml:25:13-67
74            android:authorities="com.roadalert.motorist.androidx-startup"
74-->[androidx.emoji2:emoji2:1.3.0] AndroidManifest.xml:26:13-68
75            android:exported="false" >
75-->[androidx.emoji2:emoji2:1.3.0] AndroidManifest.xml:27:13-37
76            <meta-data
76-->[androidx.emoji2:emoji2:1.3.0] AndroidManifest.xml:29:13-31:52
77                android:name="androidx.emoji2.text.EmojiCompatInitializer"
77-->[androidx.emoji2:emoji2:1.3.0] AndroidManifest.xml:30:17-75
78                android:value="androidx.startup" />
78-->[androidx.emoji2:emoji2:1.3.0] AndroidManifest.xml:31:17-49
79            <meta-data
79-->[androidx.lifecycle:lifecycle-process:2.6.2] AndroidManifest.xml:29:13-31:52
80                android:name="androidx.lifecycle.ProcessLifecycleInitializer"
80-->[androidx.lifecycle:lifecycle-process:2.6.2] AndroidManifest.xml:30:17-78
81                android:value="androidx.startup" />
81-->[androidx.lifecycle:lifecycle-process:2.6.2] AndroidManifest.xml:31:17-49
82            <meta-data
82-->[androidx.profileinstaller:profileinstaller:1.3.1] AndroidManifest.xml:29:13-31:52
83                android:name="androidx.profileinstaller.ProfileInstallerInitializer"
83-->[androidx.profileinstaller:profileinstaller:1.3.1] AndroidManifest.xml:30:17-85
84                android:value="androidx.startup" />
84-->[androidx.profileinstaller:profileinstaller:1.3.1] AndroidManifest.xml:31:17-49
85        </provider>
86
87        <meta-data
87-->[com.google.android.gms:play-services-basement:18.4.0] AndroidManifest.xml:6:9-122
88            android:name="com.google.android.gms.version"
88-->[com.google.android.gms:play-services-basement:18.4.0] AndroidManifest.xml:6:20-65
89            android:value="@integer/google_play_services_version" />
89-->[com.google.android.gms:play-services-basement:18.4.0] AndroidManifest.xml:6:66-119
90
91        <receiver
91-->[androidx.profileinstaller:profileinstaller:1.3.1] AndroidManifest.xml:34:9-52:20
92            android:name="androidx.profileinstaller.ProfileInstallReceiver"
92-->[androidx.profileinstaller:profileinstaller:1.3.1] AndroidManifest.xml:35:13-76
93            android:directBootAware="false"
93-->[androidx.profileinstaller:profileinstaller:1.3.1] AndroidManifest.xml:36:13-44
94            android:enabled="true"
94-->[androidx.profileinstaller:profileinstaller:1.3.1] AndroidManifest.xml:37:13-35
95            android:exported="true"
95-->[androidx.profileinstaller:profileinstaller:1.3.1] AndroidManifest.xml:38:13-36
96            android:permission="android.permission.DUMP" >
96-->[androidx.profileinstaller:profileinstaller:1.3.1] AndroidManifest.xml:39:13-57
97            <intent-filter>
97-->[androidx.profileinstaller:profileinstaller:1.3.1] AndroidManifest.xml:40:13-42:29
98                <action android:name="androidx.profileinstaller.action.INSTALL_PROFILE" />
98-->[androidx.profileinstaller:profileinstaller:1.3.1] AndroidManifest.xml:41:17-91
98-->[androidx.profileinstaller:profileinstaller:1.3.1] AndroidManifest.xml:41:25-88
99            </intent-filter>
100            <intent-filter>
100-->[androidx.profileinstaller:profileinstaller:1.3.1] AndroidManifest.xml:43:13-45:29
101                <action android:name="androidx.profileinstaller.action.SKIP_FILE" />
101-->[androidx.profileinstaller:profileinstaller:1.3.1] AndroidManifest.xml:44:17-85
101-->[androidx.profileinstaller:profileinstaller:1.3.1] AndroidManifest.xml:44:25-82
102            </intent-filter>
103            <intent-filter>
103-->[androidx.profileinstaller:profileinstaller:1.3.1] AndroidManifest.xml:46:13-48:29
104                <action android:name="androidx.profileinstaller.action.SAVE_PROFILE" />
104-->[androidx.profileinstaller:profileinstaller:1.3.1] AndroidManifest.xml:47:17-88
104-->[androidx.profileinstaller:profileinstaller:1.3.1] AndroidManifest.xml:47:25-85
105            </intent-filter>
106            <intent-filter>
106-->[androidx.profileinstaller:profileinstaller:1.3.1] AndroidManifest.xml:49:13-51:29
107                <action android:name="androidx.profileinstaller.action.BENCHMARK_OPERATION" />
107-->[androidx.profileinstaller:profileinstaller:1.3.1] AndroidManifest.xml:50:17-95
107-->[androidx.profileinstaller:profileinstaller:1.3.1] AndroidManifest.xml:50:25-92
108            </intent-filter>
109        </receiver>
110    </application>
111
112</manifest>